[[1;34mINFO[m] Scanning for projects...
Downloading from central: https://repo.maven.apache.org/maven2/org/apache/maven/plugins/maven-install-plugin/2.4/maven-install-plugin-2.4.pom
Progress (1): 1.4/6.4 kBProgress (1): 2.7/6.4 kBProgress (1): 4.1/6.4 kBProgress (1): 5.5/6.4 kBProgress (1): 6.4 kB                        Downloaded from central: https://repo.maven.apache.org/maven2/org/apache/maven/plugins/maven-install-plugin/2.4/maven-install-plugin-2.4.pom (6.4 kB at 3.6 kB/s)
[[1;34mINFO[m] 
[[1;34mINFO[m] [1m------------------------< [0;36mTestbench:testbench[0;1m >-------------------------[m
[[1;34mINFO[m] [1mBuilding testbench 0.0.1-SNAPSHOT[m
[[1;34mINFO[m] [1m--------------------------------[ jar ]---------------------------------[m
[[1;34mINFO[m] 
[[1;34mINFO[m] [1m--- [0;32mmaven-install-plugin:2.4:install-file[m [1m(default-cli)[m @ [36mtestbench[0;1m ---[m
Downloading from central: https://repo.maven.apache.org/maven2/org/codehaus/plexus/plexus-utils/3.0.5/plexus-utils-3.0.5.pom
Progress (1): 1.4/2.5 kBProgress (1): 2.5 kB                        Downloaded from central: https://repo.maven.apache.org/maven2/org/codehaus/plexus/plexus-utils/3.0.5/plexus-utils-3.0.5.pom (2.5 kB at 5.9 kB/s)
Downloading from central: https://repo.maven.apache.org/maven2/org/codehaus/plexus/plexus/3.1/plexus-3.1.pom
Progress (1): 1.4/19 kBProgress (1): 2.7/19 kBProgress (1): 4.1/19 kBProgress (1): 5.5/19 kBProgress (1): 6.9/19 kBProgress (1): 8.2/19 kBProgress (1): 9.6/19 kBProgress (1): 11/19 kB Progress (1): 12/19 kBProgress (1): 14/19 kBProgress (1): 15/19 kBProgress (1): 16/19 kBProgress (1): 18/19 kBProgress (1): 19 kB                      Downloaded from central: https://repo.maven.apache.org/maven2/org/codehaus/plexus/plexus/3.1/plexus-3.1.pom (19 kB at 47 kB/s)
Downloading from central: https://repo.maven.apache.org/maven2/org/codehaus/plexus/plexus-digest/1.0/plexus-digest-1.0.pom
Progress (1): 1.1 kB                    Downloaded from central: https://repo.maven.apache.org/maven2/org/codehaus/plexus/plexus-digest/1.0/plexus-digest-1.0.pom (1.1 kB at 2.2 kB/s)
Downloading from central: https://repo.maven.apache.org/maven2/org/codehaus/plexus/plexus-components/1.1.7/plexus-components-1.1.7.pom
Progress (1): 1.4/5.0 kBProgress (1): 2.7/5.0 kBProgress (1): 4.1/5.0 kBProgress (1): 5.0 kB                        Downloaded from central: https://repo.maven.apache.org/maven2/org/codehaus/plexus/plexus-components/1.1.7/plexus-components-1.1.7.pom (5.0 kB at 9.9 kB/s)
Downloading from central: https://repo.maven.apache.org/maven2/org/codehaus/plexus/plexus/1.0.8/plexus-1.0.8.pom
Progress (1): 1.4/7.2 kBProgress (1): 2.7/7.2 kBProgress (1): 4.1/7.2 kBProgress (1): 5.5/7.2 kBProgress (1): 6.9/7.2 kBProgress (1): 7.2 kB                        Downloaded from central: https://repo.maven.apache.org/maven2/org/codehaus/plexus/plexus/1.0.8/plexus-1.0.8.pom (7.2 kB at 14 kB/s)
Downloading from central: https://repo.maven.apache.org/maven2/org/codehaus/plexus/plexus-container-default/1.0-alpha-8/plexus-container-default-1.0-alpha-8.pom
Progress (1): 1.4/7.3 kBProgress (1): 2.7/7.3 kBProgress (1): 4.1/7.3 kBProgress (1): 5.5/7.3 kBProgress (1): 6.9/7.3 kBProgress (1): 7.3 kB                        Downloaded from central: https://repo.maven.apache.org/maven2/org/codehaus/plexus/plexus-container-default/1.0-alpha-8/plexus-container-default-1.0-alpha-8.pom (7.3 kB at 18 kB/s)
Downloading from central: https://repo.maven.apache.org/maven2/org/codehaus/plexus/plexus-utils/3.0.5/plexus-utils-3.0.5.jar
Downloading from central: https://repo.maven.apache.org/maven2/org/codehaus/plexus/plexus-digest/1.0/plexus-digest-1.0.jar
Progress (1): 1.4/230 kBProgress (1): 2.7/230 kBProgress (1): 4.1/230 kBProgress (1): 5.5/230 kBProgress (1): 6.9/230 kBProgress (1): 8.2/230 kBProgress (1): 9.6/230 kBProgress (1): 11/230 kB Progress (1): 12/230 kBProgress (1): 14/230 kBProgress (1): 15/230 kBProgress (1): 16/230 kBProgress (1): 18/230 kBProgress (1): 19/230 kBProgress (1): 21/230 kBProgress (1): 22/230 kBProgress (1): 23/230 kBProgress (1): 25/230 kBProgress (1): 26/230 kBProgress (1): 27/230 kBProgress (1): 29/230 kBProgress (1): 30/230 kBProgress (1): 32/230 kBProgress (1): 33/230 kBProgress (1): 34/230 kBProgress (1): 36/230 kBProgress (1): 37/230 kBProgress (1): 38/230 kBProgress (1): 40/230 kBProgress (1): 41/230 kBProgress (1): 43/230 kBProgress (1): 44/230 kBProgress (1): 45/230 kBProgress (1): 47/230 kBProgress (1): 48/230 kBProgress (1): 49/230 kBProgress (1): 51/230 kBProgress (1): 52/230 kBProgress (1): 53/230 kBProgress (1): 55/230 kBProgress (1): 56/230 kBProgress (1): 58/230 kBProgress (1): 59/230 kBProgress (1): 60/230 kBProgress (1): 62/230 kBProgress (1): 63/230 kBProgress (1): 64/230 kBProgress (1): 66/230 kBProgress (1): 67/230 kBProgress (1): 69/230 kBProgress (1): 70/230 kBProgress (1): 71/230 kBProgress (1): 73/230 kBProgress (1): 74/230 kBProgress (1): 75/230 kBProgress (1): 77/230 kBProgress (1): 78/230 kBProgress (1): 80/230 kBProgress (1): 81/230 kBProgress (1): 82/230 kBProgress (1): 84/230 kBProgress (1): 85/230 kBProgress (1): 86/230 kBProgress (1): 88/230 kBProgress (1): 89/230 kBProgress (1): 90/230 kBProgress (1): 92/230 kBProgress (1): 93/230 kBProgress (1): 95/230 kBProgress (1): 96/230 kBProgress (1): 97/230 kBProgress (1): 99/230 kBProgress (1): 100/230 kBProgress (1): 101/230 kBProgress (1): 103/230 kBProgress (1): 104/230 kBProgress (1): 106/230 kBProgress (1): 107/230 kBProgress (1): 108/230 kBProgress (1): 110/230 kBProgress (1): 111/230 kBProgress (1): 112/230 kBProgress (1): 114/230 kBProgress (1): 115/230 kBProgress (2): 115/230 kB | 1.4/12 kBProgress (2): 117/230 kB | 1.4/12 kBProgress (2): 117/230 kB | 2.7/12 kBProgress (2): 118/230 kB | 2.7/12 kBProgress (2): 118/230 kB | 4.1/12 kBProgress (2): 119/230 kB | 4.1/12 kBProgress (2): 119/230 kB | 5.5/12 kBProgress (2): 121/230 kB | 5.5/12 kBProgress (2): 121/230 kB | 6.9/12 kBProgress (2): 122/230 kB | 6.9/12 kBProgress (2): 122/230 kB | 8.2/12 kBProgress (2): 123/230 kB | 8.2/12 kBProgress (2): 123/230 kB | 9.6/12 kBProgress (2): 125/230 kB | 9.6/12 kBProgress (2): 125/230 kB | 11/12 kB Progress (2): 126/230 kB | 11/12 kBProgress (2): 126/230 kB | 12 kB   Progress (2): 128/230 kB | 12 kBProgress (2): 129/230 kB | 12 kBProgress (2): 130/230 kB | 12 kBProgress (2): 132/230 kB | 12 kBProgress (2): 133/230 kB | 12 kBProgress (2): 134/230 kB | 12 kBProgress (2): 136/230 kB | 12 kBProgress (2): 137/230 kB | 12 kBProgress (2): 138/230 kB | 12 kBProgress (2): 140/230 kB | 12 kBProgress (2): 141/230 kB | 12 kBProgress (2): 143/230 kB | 12 kBProgress (2): 144/230 kB | 12 kBProgress (2): 145/230 kB | 12 kBProgress (2): 147/230 kB | 12 kBProgress (2): 148/230 kB | 12 kBProgress (2): 149/230 kB | 12 kBProgress (2): 151/230 kB | 12 kBProgress (2): 152/230 kB | 12 kBProgress (2): 154/230 kB | 12 kBProgress (2): 155/230 kB | 12 kBProgress (2): 156/230 kB | 12 kBProgress (2): 158/230 kB | 12 kBProgress (2): 159/230 kB | 12 kBProgress (2): 160/230 kB | 12 kBProgress (2): 162/230 kB | 12 kBProgress (2): 163/230 kB | 12 kBProgress (2): 165/230 kB | 12 kBProgress (2): 166/230 kB | 12 kBProgress (2): 167/230 kB | 12 kBProgress (2): 169/230 kB | 12 kBProgress (2): 170/230 kB | 12 kBProgress (2): 171/230 kB | 12 kBProgress (2): 173/230 kB | 12 kBProgress (2): 174/230 kB | 12 kBProgress (2): 175/230 kB | 12 kBProgress (2): 177/230 kB | 12 kBProgress (2): 178/230 kB | 12 kBProgress (2): 180/230 kB | 12 kBProgress (2): 181/230 kB | 12 kBProgress (2): 182/230 kB | 12 kBProgress (2): 184/230 kB | 12 kBProgress (2): 185/230 kB | 12 kBProgress (2): 186/230 kB | 12 kBProgress (2): 188/230 kB | 12 kBProgress (2): 189/230 kB | 12 kBProgress (2): 191/230 kB | 12 kBProgress (2): 192/230 kB | 12 kBProgress (2): 193/230 kB | 12 kBProgress (2): 195/230 kB | 12 kBProgress (2): 196/230 kB | 12 kBProgress (2): 197/230 kB | 12 kBProgress (2): 199/230 kB | 12 kBProgress (2): 200/230 kB | 12 kBProgress (2): 202/230 kB | 12 kBProgress (2): 203/230 kB | 12 kBProgress (2): 204/230 kB | 12 kBProgress (2): 206/230 kB | 12 kBProgress (2): 207/230 kB | 12 kBProgress (2): 208/230 kB | 12 kBProgress (2): 210/230 kB | 12 kBProgress (2): 211/230 kB | 12 kBProgress (2): 213/230 kB | 12 kBProgress (2): 214/230 kB | 12 kBProgress (2): 215/230 kB | 12 kBProgress (2): 217/230 kB | 12 kBProgress (2): 218/230 kB | 12 kBProgress (2): 219/230 kB | 12 kBProgress (2): 221/230 kB | 12 kBProgress (2): 222/230 kB | 12 kBProgress (2): 223/230 kB | 12 kBProgress (2): 225/230 kB | 12 kBProgress (2): 226/230 kB | 12 kBProgress (2): 228/230 kB | 12 kBProgress (2): 229/230 kB | 12 kBProgress (2): 230/230 kB | 12 kBProgress (2): 230 kB | 12 kB                                Downloaded from central: https://repo.maven.apache.org/maven2/org/codehaus/plexus/plexus-digest/1.0/plexus-digest-1.0.jar (12 kB at 14 kB/s)
Downloaded from central: https://repo.maven.apache.org/maven2/org/codehaus/plexus/plexus-utils/3.0.5/plexus-utils-3.0.5.jar (230 kB at 212 kB/s)
[[1;34mINFO[m] [1m------------------------------------------------------------------------[m
[[1;34mINFO[m] [1;31mBUILD FAILURE[m
[[1;34mINFO[m] [1m------------------------------------------------------------------------[m
[[1;34mINFO[m] Total time:  6.428 s
[[1;34mINFO[m] Finished at: 2021-02-11T01:50:08+05:30
[[1;34mINFO[m] [1m------------------------------------------------------------------------[m
[[1;31mERROR[m] Failed to execute goal [32morg.apache.maven.plugins:maven-install-plugin:2.4:install-file[m [1m(default-cli)[m on project [36mtestbench[m: [1;31mThe parameters 'file' for goal org.apache.maven.plugins:maven-install-plugin:2.4:install-file are missing or invalid[m -> [1m[Help 1][m
[[1;31mERROR[m] 
[[1;31mERROR[m] To see the full stack trace of the errors, re-run Maven with the [1m-e[m switch.
[[1;31mERROR[m] Re-run Maven using the [1m-X[m switch to enable full debug logging.
[[1;31mERROR[m] 
[[1;31mERROR[m] For more information about the errors and possible solutions, please read the following articles:
[[1;31mERROR[m] [1m[Help 1][m http://cwiki.apache.org/confluence/display/MAVEN/PluginParameterException
